2025-05-07 02:06:43,563 INFO:Scanning network
2025-05-07 02:06:50,630 INFO:Selected 192.168.0.109
2025-05-07 02:06:56,630 INFO:ARP spoofing started
2025-05-07 02:07:05,336 INFO:Scanning network
2025-05-07 02:07:10,475 INFO:Scanning network
2025-05-07 02:13:07,986 INFO:Scan start
2025-05-07 02:13:13,230 INFO:Scan complete: 1 devices
2025-05-07 02:13:14,898 INFO:Selected 192.168.0.109
2025-05-07 02:13:17,427 INFO:Scan start
2025-05-07 02:13:22,519 INFO:Scan complete: 1 devices
2025-05-07 02:13:22,524 INFO:Scan start
2025-05-07 02:13:27,657 INFO:Scan complete: 1 devices
2025-05-07 02:15:43,017 INFO:Scan start
2025-05-07 02:15:48,266 INFO:Scan complete: 1 devices
2025-05-07 02:15:49,674 INFO:Selected 192.168.0.109
2025-05-07 02:15:57,700 INFO:ARP spoofing started
2025-05-07 02:16:13,019 INFO:Scan start
2025-05-07 02:16:43,021 INFO:Scan start
2025-05-07 02:16:53,585 INFO:Interface set to \Device\NPF_{790C7935-5C18-4543-BC7A-DA433DD67D72}
2025-05-07 02:16:57,204 INFO:ARP spoofing stopped
2025-05-07 02:17:01,229 INFO:Injection updated
2025-05-07 02:17:02,991 INFO:Injection updated
2025-05-07 02:17:03,572 INFO:Injection updated
2025-05-07 02:17:13,036 INFO:Scan start
2025-05-07 02:18:47,179 INFO:Scan start
2025-05-07 02:20:52,061 INFO:Scan start
2025-05-07 02:20:57,371 INFO:Scan complete: 1 devices
2025-05-07 02:21:04,535 INFO:Scan start
2025-05-07 02:21:06,684 INFO:Scan start
2025-05-07 02:21:07,200 INFO:Scan start
2025-05-07 02:21:09,636 INFO:Scan complete: 1 devices
2025-05-07 02:21:11,919 INFO:Scan complete: 1 devices
2025-05-07 02:21:12,470 INFO:Scan complete: 1 devices
2025-05-07 02:21:22,049 INFO:Scan start
2025-05-07 02:21:24,903 INFO:Selected 192.168.0.109
2025-05-07 02:21:27,023 INFO:Scan complete: 1 devices
2025-05-07 02:21:31,129 INFO:ARP spoofing started
2025-05-07 02:21:43,242 INFO:Sent fake packet to 192.168.0.109:135
2025-05-07 02:21:43,260 INFO:Sent fake packet to 192.168.0.109:139
2025-05-07 02:21:43,274 INFO:Sent fake packet to 192.168.0.109:445
2025-05-07 02:21:52,055 INFO:Scan start
2025-05-07 02:21:56,837 INFO:Injection updated
2025-05-07 02:21:57,629 INFO:Scan complete: 1 devices
2025-05-07 02:22:07,888 INFO:Sent fake packet to 192.168.0.109:135
2025-05-07 02:22:07,897 INFO:Sent fake packet to 192.168.0.109:139
2025-05-07 02:22:07,905 INFO:Sent fake packet to 192.168.0.109:445
2025-05-07 02:22:11,648 INFO:Selected 192.168.0.109
2025-05-07 02:22:15,340 INFO:ARP spoofing started
2025-05-07 02:22:22,069 INFO:Scan start
2025-05-07 02:22:27,198 INFO:Scan complete: 1 devices
2025-05-07 02:22:30,899 INFO:Sent fake packet to 192.168.0.109:135
2025-05-07 02:22:30,908 INFO:Sent fake packet to 192.168.0.109:139
2025-05-07 02:22:30,929 INFO:Sent fake packet to 192.168.0.109:445
2025-05-07 02:22:33,761 INFO:Selected 192.168.0.109
2025-05-07 02:22:35,279 INFO:Sent fake packet to 192.168.0.109:135
2025-05-07 02:22:35,287 INFO:Sent fake packet to 192.168.0.109:139
2025-05-07 02:22:35,294 INFO:Sent fake packet to 192.168.0.109:445
2025-05-07 02:22:39,114 INFO:Scan start
2025-05-07 02:22:42,853 INFO:Injection updated
2025-05-07 02:22:44,320 INFO:Scan complete: 1 devices
2025-05-07 02:22:52,075 INFO:Scan start
2025-05-07 02:30:16,331 INFO:Scan start
2025-05-07 02:30:21,695 INFO:Scan complete: 1 devices
2025-05-07 02:30:46,328 INFO:Scan start
2025-05-07 02:30:48,556 INFO:Interface set to \Device\NPF_{EC3135A2-5429-4A16-93B8-E6D981397B36}
2025-05-07 02:30:50,167 INFO:Interface set to \Device\NPF_{790C7935-5C18-4543-BC7A-DA433DD67D72}
2025-05-07 02:30:51,653 INFO:Scan complete: 1 devices
2025-05-07 02:30:53,073 INFO:Interface set to \Device\NPF_{96FB06C5-C3BE-419D-B0D8-784FD2A6A14D}
2025-05-07 02:31:09,623 INFO:Selected 192.168.0.109
2025-05-07 02:31:16,351 INFO:Scan start
2025-05-07 02:31:16,450 INFO:Interface set to \Device\NPF_{CE9175A7-73D8-4123-B301-487FC6573BA1}
2025-05-07 02:31:18,699 INFO:Interface set to \Device\NPF_Loopback
2025-05-07 02:31:19,505 INFO:Scan complete: 0 devices
2025-05-07 02:31:26,340 INFO:Interface set to \Device\NPF_{EC3135A2-5429-4A16-93B8-E6D981397B36}
2025-05-07 02:31:35,365 INFO:Scan start
2025-05-07 02:31:38,597 INFO:Scan complete: 0 devices
2025-05-07 02:31:46,093 INFO:Scan start
2025-05-07 02:31:46,354 INFO:Scan start
2025-05-07 02:31:49,330 INFO:Scan complete: 0 devices
2025-05-07 02:31:49,868 INFO:Scan complete: 0 devices
2025-05-07 02:31:52,443 INFO:Interface set to \Device\NPF_{D13CAED8-7B1B-40C2-8E63-5051B370FF66}
2025-05-07 02:31:56,083 INFO:Scan start
2025-05-07 02:31:59,237 INFO:Scan complete: 0 devices
2025-05-07 02:52:53,994 INFO:Scan start
2025-05-07 08:46:49,546 INFO:Scan start
2025-05-07 08:47:18,927 INFO:Interface set to Local Area Connection* 1-WFP Native MAC Layer LightWeight Filter-0000
2025-05-07 08:47:19,588 INFO:Scan start
2025-05-07 08:47:25,571 INFO:Scan complete: 17 devices
2025-05-07 08:47:49,649 INFO:Scan start
2025-05-07 08:47:58,274 INFO:ARP spoofing started
2025-05-07 08:48:19,653 INFO:Scan start
2025-05-07 08:48:49,183 INFO:ARP spoofing stopped
2025-05-07 08:50:28,865 INFO:Scan start
2025-05-07 09:09:55,111 INFO:Scan start
2025-05-07 09:10:04,721 INFO:Scan start
2025-05-07 09:10:10,939 INFO:Interface set to Local Area Connection* 9-WFP Native MAC Layer LightWeight Filter-0000
2025-05-07 09:10:45,820 INFO:Scan start
2025-05-07 09:11:14,376 INFO:Scan start
2025-05-07 09:11:15,823 INFO:Scan start
2025-05-07 09:11:19,863 INFO:Scan complete
2025-05-07 09:11:45,831 INFO:Scan start
2025-05-07 09:12:15,840 INFO:Scan start
2025-05-07 09:12:16,740 INFO:Scan start
2025-05-07 09:12:28,932 INFO:Spoof started
2025-05-07 09:12:45,849 INFO:Scan start
2025-05-07 09:13:15,858 INFO:Scan start
2025-05-07 09:13:45,865 INFO:Scan start
2025-05-07 09:14:15,876 INFO:Scan start
2025-05-07 09:14:45,883 INFO:Scan start
2025-05-07 09:15:15,898 INFO:Scan start
2025-05-07 09:15:45,916 INFO:Scan start
2025-05-07 09:16:15,920 INFO:Scan start
2025-05-07 09:16:45,932 INFO:Scan start
2025-05-07 09:17:15,938 INFO:Scan start
2025-05-07 09:17:45,949 INFO:Scan start
2025-05-07 09:18:15,954 INFO:Scan start
2025-05-07 09:18:45,962 INFO:Scan start
2025-05-07 09:19:15,969 INFO:Scan start
2025-05-07 09:19:45,974 INFO:Scan start
2025-05-07 09:26:05,396 INFO:Scan start
2025-05-07 09:26:15,391 INFO:Interface set to \Device\NPF_{EC3135A2-5429-4A16-93B8-E6D981397B36}
2025-05-07 09:26:35,403 INFO:Scan start
2025-05-07 09:26:39,905 INFO:Scan complete
2025-05-07 09:26:49,607 INFO:Scan start
2025-05-07 09:26:53,281 INFO:Scan complete
2025-05-07 09:26:53,592 INFO:Interface set to \Device\NPF_{0E4B5FF3-24F1-4696-804F-6F758F6AE79A}
2025-05-07 09:27:00,883 INFO:Scan complete
2025-05-07 09:27:05,462 INFO:Scan start
2025-05-07 09:27:35,477 INFO:Scan start
2025-05-07 09:27:47,083 INFO:Spoof started
2025-05-07 09:28:05,492 INFO:Scan start
2025-05-07 09:28:06,975 INFO:Injection updated
2025-05-07 09:28:08,274 INFO:Scan complete
2025-05-07 09:28:10,520 WARNING:DumpMaster init failed, spawning mitmdump
2025-05-07 09:28:13,979 WARNING:DumpMaster init failed, spawning mitmdump
2025-05-07 09:28:35,448 INFO:Scan complete
2025-05-07 09:28:35,545 INFO:Scan start
2025-05-07 09:29:01,526 INFO:Scan complete
2025-05-07 09:31:09,282 INFO:Spoof started
2025-05-07 09:31:11,383 INFO:Scan start
2025-05-07 09:31:13,846 INFO:Scan start
2025-05-07 09:35:20,559 INFO:Scan start
2025-05-07 09:35:24,898 INFO:Interface set to \Device\NPF_{EC3135A2-5429-4A16-93B8-E6D981397B36}
2025-05-07 09:35:47,529 INFO:Interface set to \Device\NPF_{0E4B5FF3-24F1-4696-804F-6F758F6AE79A}
2025-05-07 09:35:50,562 INFO:Scan start
